Using pre-set license
Built from '2020.3/staging' branch; Version is '2020.3.8f1 (507919d4fff5) revision 5273881'; Using compiler version '192528614'; Build Type 'Release'
OS: 'Windows 10 Home; OS build 17763.1577; Version 1809; 64bit' Language: 'en' Physical Memory: 16260 MB
BatchMode: 1, IsHumanControllingUs: 0, StartBugReporterOnCrash: 0, Is64bit: 1, IsPro: 0

 COMMAND LINE ARGUMENTS:
C:\Program Files\Unity\Hub\Editor\2020.3.8f1\Editor\Unity.exe
-adb2
-batchMode
-noUpm
-name
AssetImportWorker0
-projectPath
C:/Users/lewic/Desktop/Unity Games/VR Game
-logFile
Logs/AssetImportWorker0.log
-srvPort
64777
Successfully changed project path to: C:/Users/lewic/Desktop/Unity Games/VR Game
C:/Users/lewic/Desktop/Unity Games/VR Game
Using Asset Import Pipeline V2.
Refreshing native plugins compatible for Editor in 70.27 ms, found 8 plugins.
Preloading 1 native plugins for Editor in 1.12 ms.
Initialize engine version: 2020.3.8f1 (507919d4fff5)
[Subsystems] Discovering subsystems at path C:/Program Files/Unity/Hub/Editor/2020.3.8f1/Editor/Data/Resources/UnitySubsystems
[Subsystems] Discovering subsystems at path C:/Users/lewic/Desktop/Unity Games/VR Game/Assets
GfxDevice: creating device client; threaded=0
Direct3D:
    Version:  Direct3D 11.0 [level 11.1]
    Renderer: NVIDIA GeForce GTX 1060 (ID=0x1c60)
    Vendor:   
    VRAM:     6052 MB
    Driver:   27.21.14.6627
Initialize mono
Mono path[0] = 'C:/Program Files/Unity/Hub/Editor/2020.3.8f1/Editor/Data/Managed'
Mono path[1] = 'C:/Program Files/Unity/Hub/Editor/2020.3.8f1/Editor/Data/MonoBleedingEdge/lib/mono/unityjit'
Mono config path = 'C:/Program Files/Unity/Hub/Editor/2020.3.8f1/Editor/Data/MonoBleedingEdge/etc'
Using monoOptions --debugger-agent=transport=dt_socket,embedding=1,server=y,suspend=n,address=127.0.0.1:56356
Begin MonoManager ReloadAssembly
Registering precompiled unity dll's ...
Register platform support module: C:/Program Files/Unity/Hub/Editor/2020.3.8f1/Editor/Data/PlaybackEngines/WindowsStandaloneSupport/UnityEditor.WindowsStandalone.Extensions.dll
Registered in 0.001658 seconds.
Native extension for WindowsStandalone target not found
Refreshing native plugins compatible for Editor in 61.41 ms, found 8 plugins.
Preloading 1 native plugins for Editor in 0.11 ms.
Mono: successfully reloaded assembly
- Completed reload, in  2.136 seconds
Platform modules already initialized, skipping
Registering precompiled user dll's ...
Registered in 0.006056 seconds.
Begin MonoManager ReloadAssembly
Native extension for WindowsStandalone target not found
Refreshing native plugins compatible for Editor in 61.19 ms, found 8 plugins.
Preloading 1 native plugins for Editor in 0.11 ms.
[XR] OculusXRPlugin: registering subsystems
[XR] Unable to register display lifecyle provider: [1]
[XR] Oculus Input lifecycle provider registered.
[XR] Unable to register input lifecyle provider: [1]
NullReferenceException: Object reference not set to an instance of an object
  at Unity.XR.Oculus.OculusLoader.AssetPathToAbsolutePath (System.String assetPath) [0x00048] in C:\Users\lewic\Desktop\Unity Games\VR Game\Library\PackageCache\com.unity.xr.oculus@1.9.1\Runtime\OculusLoader.cs:249 
  at Unity.XR.Oculus.OculusLoader.EditorLoadOVRPlugin () [0x0007b] in C:\Users\lewic\Desktop\Unity Games\VR Game\Library\PackageCache\com.unity.xr.oculus@1.9.1\Runtime\OculusLoader.cs:234 

(Filename: Library/PackageCache/com.unity.xr.oculus@1.9.1/Runtime/OculusLoader.cs Line: 249)

Mono: successfully reloaded assembly
- Completed reload, in  1.222 seconds
Platform modules already initialized, skipping
========================================================================
Worker process is ready to serve import requests
Shader 'Universal Render Pipeline/Particles/Lit': fallback shader 'Universal Render Pipeline/Particles/SimpleLit' not found
Shader 'Universal Render Pipeline/Particles/Lit': fallback shader 'Universal Render Pipeline/Particles/SimpleLit' not found
Launched and connected shader compiler UnityShaderCompiler.exe after 0.05 seconds
Refreshing native plugins compatible for Editor in 0.71 ms, found 8 plugins.
Preloading 1 native plugins for Editor in 0.09 ms.
Unloading 3048 Unused Serialized files (Serialized files now loaded: 0)
System memory in use before: 139.3 MB.
System memory in use after: 136.3 MB.

Unloading 64 unused Assets to reduce memory usage. Loaded Objects now: 3477.
Total: 4.108700 ms (FindLiveObjects: 0.304100 ms CreateObjectMapping: 0.204600 ms MarkObjects: 2.172000 ms  DeleteObjects: 1.427100 ms)

========================================================================
Received Import Request.
  path: Assets/Models/LeftHand.fbx
  artifactKey: Guid(dca0b3bc15b14c6459a011e15ec161ba) Importer(815301076,1909f56bfc062723c751e8b465ee728b)
Start importing Assets/Models/LeftHand.fbx using Guid(dca0b3bc15b14c6459a011e15ec161ba) Importer(815301076,1909f56bfc062723c751e8b465ee728b)  -> (artifact id: '391577046f9fe602291383d1a14f5ffd') in 0.374730 seconds
  Import took 0.380572 seconds .

========================================================================
Received Import Request.
  Time since last request: 49.142107 seconds.
  path: Assets/Animation
  artifactKey: Guid(f300590b2474f6349b68cfda83a0e05b) Importer(815301076,1909f56bfc062723c751e8b465ee728b)
Start importing Assets/Animation using Guid(f300590b2474f6349b68cfda83a0e05b) Importer(815301076,1909f56bfc062723c751e8b465ee728b)  -> (artifact id: '54e711f6be80941ff91b6059aa861331') in 0.006640 seconds
  Import took 0.013100 seconds .

========================================================================
Received Import Request.
  Time since last request: 11.525940 seconds.
  path: Assets/Animation/HandAnimation.controller
  artifactKey: Guid(0a1a64472ea13da47aba7d7b3c9006dc) Importer(815301076,1909f56bfc062723c751e8b465ee728b)
Start importing Assets/Animation/HandAnimation.controller using Guid(0a1a64472ea13da47aba7d7b3c9006dc) Importer(815301076,1909f56bfc062723c751e8b465ee728b)  -> (artifact id: 'bbed060db035c1c82f4c140b940be525') in 0.011965 seconds
  Import took 0.017707 seconds .

========================================================================
Received Import Request.
  Time since last request: 80.647194 seconds.
  path: Assets/Animation/LeftHand.controller
  artifactKey: Guid(df3dbedb2e1b1004ca7ad99e8b260039) Importer(815301076,1909f56bfc062723c751e8b465ee728b)
Start importing Assets/Animation/LeftHand.controller using Guid(df3dbedb2e1b1004ca7ad99e8b260039) Importer(815301076,1909f56bfc062723c751e8b465ee728b)  -> (artifact id: '1b1e3ca77ec5dee7760a2c9dd346b099') in 0.002661 seconds
  Import took 0.009392 seconds .

========================================================================
Received Import Request.
  Time since last request: 889.550588 seconds.
  path: Assets/Animation/New Avatar Mask.mask
  artifactKey: Guid(5474552dfb558e04097003ba97d1ee72) Importer(815301076,1909f56bfc062723c751e8b465ee728b)
Start importing Assets/Animation/New Avatar Mask.mask using Guid(5474552dfb558e04097003ba97d1ee72) Importer(815301076,1909f56bfc062723c751e8b465ee728b)  -> (artifact id: '90d91a9903766a5f4531dc3766412292') in 0.010249 seconds
  Import took 0.016072 seconds .

========================================================================
Received Import Request.
  Time since last request: 5.218434 seconds.
  path: Assets/Animation/Grip.mask
  artifactKey: Guid(5474552dfb558e04097003ba97d1ee72) Importer(815301076,1909f56bfc062723c751e8b465ee728b)
Start importing Assets/Animation/Grip.mask using Guid(5474552dfb558e04097003ba97d1ee72) Importer(815301076,1909f56bfc062723c751e8b465ee728b)  -> (artifact id: '3c847bde76ff9abb1b190f0d739c4d11') in 0.006993 seconds
  Import took 0.012793 seconds .

========================================================================
Received Import Request.
  Time since last request: 0.000651 seconds.
  path: Assets/Animation/Grip.mask
  artifactKey: Guid(5474552dfb558e04097003ba97d1ee72) Importer(815301076,1909f56bfc062723c751e8b465ee728b)
Start importing Assets/Animation/Grip.mask using Guid(5474552dfb558e04097003ba97d1ee72) Importer(815301076,1909f56bfc062723c751e8b465ee728b)  -> (artifact id: '3c847bde76ff9abb1b190f0d739c4d11') in 0.002933 seconds
  Import took 0.007920 seconds .

========================================================================
Received Import Request.
  Time since last request: 52.889153 seconds.
  path: Assets/Animation/Grip 1.mask
  artifactKey: Guid(e00cac71ce168bf4b8964ce5dddad7cb) Importer(815301076,1909f56bfc062723c751e8b465ee728b)
Start importing Assets/Animation/Grip 1.mask using Guid(e00cac71ce168bf4b8964ce5dddad7cb) Importer(815301076,1909f56bfc062723c751e8b465ee728b)  -> (artifact id: 'd44a350455dbc8797b7e4b9c0bb844a1') in 0.007275 seconds
  Import took 0.012830 seconds .

========================================================================
Received Import Request.
  Time since last request: 0.000626 seconds.
  path: Assets/Animation/Grip 1.mask
  artifactKey: Guid(e00cac71ce168bf4b8964ce5dddad7cb) Importer(815301076,1909f56bfc062723c751e8b465ee728b)
Start importing Assets/Animation/Grip 1.mask using Guid(e00cac71ce168bf4b8964ce5dddad7cb) Importer(815301076,1909f56bfc062723c751e8b465ee728b)  -> (artifact id: 'd44a350455dbc8797b7e4b9c0bb844a1') in 0.002695 seconds
  Import took 0.007477 seconds .

========================================================================
Received Import Request.
  Time since last request: 0.000273 seconds.
  path: Assets/Animation/Grip.mask
  artifactKey: Guid(5474552dfb558e04097003ba97d1ee72) Importer(815301076,1909f56bfc062723c751e8b465ee728b)
Start importing Assets/Animation/Grip.mask using Guid(5474552dfb558e04097003ba97d1ee72) Importer(815301076,1909f56bfc062723c751e8b465ee728b)  -> (artifact id: '4023a2fb59b2d0142bbf186ed3a52223') in 0.002698 seconds
  Import took 0.008305 seconds .

========================================================================
Received Import Request.
  Time since last request: 0.006303 seconds.
  path: Assets/Animation/Grip.mask
  artifactKey: Guid(5474552dfb558e04097003ba97d1ee72) Importer(815301076,1909f56bfc062723c751e8b465ee728b)
Start importing Assets/Animation/Grip.mask using Guid(5474552dfb558e04097003ba97d1ee72) Importer(815301076,1909f56bfc062723c751e8b465ee728b)  -> (artifact id: '4023a2fb59b2d0142bbf186ed3a52223') in 0.003071 seconds
  Import took 0.007935 seconds .

========================================================================
Received Import Request.
  Time since last request: 6.754446 seconds.
  path: Assets/Animation/Trigger.mask
  artifactKey: Guid(e00cac71ce168bf4b8964ce5dddad7cb) Importer(815301076,1909f56bfc062723c751e8b465ee728b)
Start importing Assets/Animation/Trigger.mask using Guid(e00cac71ce168bf4b8964ce5dddad7cb) Importer(815301076,1909f56bfc062723c751e8b465ee728b)  -> (artifact id: '3e5eca524d502d1012cd67d6cde183ae') in 0.006766 seconds
  Import took 0.012026 seconds .

========================================================================
Received Import Request.
  Time since last request: 0.001496 seconds.
  path: Assets/Animation/Trigger.mask
  artifactKey: Guid(e00cac71ce168bf4b8964ce5dddad7cb) Importer(815301076,1909f56bfc062723c751e8b465ee728b)
Start importing Assets/Animation/Trigger.mask using Guid(e00cac71ce168bf4b8964ce5dddad7cb) Importer(815301076,1909f56bfc062723c751e8b465ee728b)  -> (artifact id: '3e5eca524d502d1012cd67d6cde183ae') in 0.002681 seconds
  Import took 0.008320 seconds .

========================================================================
Received Import Request.
  Time since last request: 69.473389 seconds.
  path: Assets/Animation/LeftHand.controller
  artifactKey: Guid(df3dbedb2e1b1004ca7ad99e8b260039) Importer(815301076,1909f56bfc062723c751e8b465ee728b)
Start importing Assets/Animation/LeftHand.controller using Guid(df3dbedb2e1b1004ca7ad99e8b260039) Importer(815301076,1909f56bfc062723c751e8b465ee728b)  -> (artifact id: '3c8c4c3ca4d0797f58564af6a309f49c') in 0.002844 seconds
  Import took 0.009395 seconds .

========================================================================
Received Import Request.
  Time since last request: 392.680434 seconds.
  path: Assets/Animation/HandClose.anim
  artifactKey: Guid(52c6fa742d37ca549b0014085984e6ca) Importer(815301076,1909f56bfc062723c751e8b465ee728b)
Start importing Assets/Animation/HandClose.anim using Guid(52c6fa742d37ca549b0014085984e6ca) Importer(815301076,1909f56bfc062723c751e8b465ee728b)  -> (artifact id: 'aef98b46c4d934d35dcf71914c8dbad6') in 0.013239 seconds
  Import took 0.020774 seconds .

========================================================================
Received Import Request.
  Time since last request: 193.343469 seconds.
  path: Assets/Animation/Trigger.mask
  artifactKey: Guid(e00cac71ce168bf4b8964ce5dddad7cb) Importer(815301076,1909f56bfc062723c751e8b465ee728b)
Start importing Assets/Animation/Trigger.mask using Guid(e00cac71ce168bf4b8964ce5dddad7cb) Importer(815301076,1909f56bfc062723c751e8b465ee728b)  -> (artifact id: '0e41789314b859a53f1839f63b1b99c5') in 0.002939 seconds
  Import took 0.008490 seconds .

========================================================================
Received Import Request.
  Time since last request: 14.838751 seconds.
  path: Assets/Scripts
  artifactKey: Guid(02a3527b6b33a924e8ec66aa805ea717) Importer(815301076,1909f56bfc062723c751e8b465ee728b)
Start importing Assets/Scripts using Guid(02a3527b6b33a924e8ec66aa805ea717) Importer(815301076,1909f56bfc062723c751e8b465ee728b)  -> (artifact id: 'f0a913a0049096cde5d6a727232f232f') in 0.006610 seconds
  Import took 0.011791 seconds .

========================================================================
Received Import Request.
  Time since last request: 3.869054 seconds.
  path: Assets/Scripts/SimpleCameraController.cs
  artifactKey: Guid(be76e5f14cfee674cb30b491fb72b09b) Importer(815301076,1909f56bfc062723c751e8b465ee728b)
Start importing Assets/Scripts/SimpleCameraController.cs using Guid(be76e5f14cfee674cb30b491fb72b09b) Importer(815301076,1909f56bfc062723c751e8b465ee728b)  -> (artifact id: '22f43657664d19fbc476a42e0fad91a9') in 0.013811 seconds
  Import took 0.019909 seconds .

========================================================================
Received Import Request.
  Time since last request: 13.404529 seconds.
  path: Assets/Scripts/Hand.cs
  artifactKey: Guid(abb12ed41a9e5ba44a9311f314bb8368) Importer(815301076,1909f56bfc062723c751e8b465ee728b)
Start importing Assets/Scripts/Hand.cs using Guid(abb12ed41a9e5ba44a9311f314bb8368) Importer(815301076,1909f56bfc062723c751e8b465ee728b)  -> (artifact id: 'a4f274d6f1014e34953f673b56b6f07e') in 0.007064 seconds
  Import took 0.014087 seconds .

========================================================================
Received Import Request.
  Time since last request: 7.010081 seconds.
  path: Assets/Scripts/HandController.cs
  artifactKey: Guid(0ca9a3f3b2d07b149b1b9371071db550) Importer(815301076,1909f56bfc062723c751e8b465ee728b)
Start importing Assets/Scripts/HandController.cs using Guid(0ca9a3f3b2d07b149b1b9371071db550) Importer(815301076,1909f56bfc062723c751e8b465ee728b)  -> (artifact id: 'c00f2a82e445353d5e0a3820bbb0b7dc') in 0.006579 seconds
  Import took 0.013323 seconds .

========================================================================
Received Prepare
Registering precompiled user dll's ...
Registered in 0.005969 seconds.
Begin MonoManager ReloadAssembly
Native extension for WindowsStandalone target not found
Refreshing native plugins compatible for Editor in 0.73 ms, found 8 plugins.
Preloading 1 native plugins for Editor in 0.09 ms.
NullReferenceException: Object reference not set to an instance of an object
  at Unity.XR.Oculus.OculusLoader.AssetPathToAbsolutePath (System.String assetPath) [0x00048] in C:\Users\lewic\Desktop\Unity Games\VR Game\Library\PackageCache\com.unity.xr.oculus@1.9.1\Runtime\OculusLoader.cs:249 
  at Unity.XR.Oculus.OculusLoader.EditorLoadOVRPlugin () [0x0007b] in C:\Users\lewic\Desktop\Unity Games\VR Game\Library\PackageCache\com.unity.xr.oculus@1.9.1\Runtime\OculusLoader.cs:234 

(Filename: Library/PackageCache/com.unity.xr.oculus@1.9.1/Runtime/OculusLoader.cs Line: 249)

Mono: successfully reloaded assembly
- Completed reload, in  1.130 seconds
Platform modules already initialized, skipping
Switching build target platform(5) subTarget(0) extendedPlatform(0) -> platform(13) subTarget(524288) extendedPlatform(0)
Shader 'Universal Render Pipeline/Particles/Lit': fallback shader 'Universal Render Pipeline/Particles/SimpleLit' not found
Shader 'Universal Render Pipeline/Particles/Lit': fallback shader 'Universal Render Pipeline/Particles/SimpleLit' not found
Refreshing native plugins compatible for Editor in 0.79 ms, found 8 plugins.
Preloading 1 native plugins for Editor in 0.09 ms.
Unloading 2959 Unused Serialized files (Serialized files now loaded: 0)
System memory in use before: 150.0 MB.
System memory in use after: 147.3 MB.

Unloading 57 unused Assets to reduce memory usage. Loaded Objects now: 3564.
Total: 3.963500 ms (FindLiveObjects: 0.313600 ms CreateObjectMapping: 0.141100 ms MarkObjects: 2.138700 ms  DeleteObjects: 1.369300 ms)

AssetImportParameters requested are different than current active one (requested -> active):
  custom:graphics/normal-map-encoding: 01000000000000000000000000000000 -> 02000000000000000000000000000000
========================================================================
Received Prepare
Registering precompiled user dll's ...
Registered in 0.005890 seconds.
Begin MonoManager ReloadAssembly
Native extension for WindowsStandalone target not found
Refreshing native plugins compatible for Editor in 0.83 ms, found 8 plugins.
Preloading 1 native plugins for Editor in 0.11 ms.
NullReferenceException: Object reference not set to an instance of an object
  at Unity.XR.Oculus.OculusLoader.AssetPathToAbsolutePath (System.String assetPath) [0x00048] in C:\Users\lewic\Desktop\Unity Games\VR Game\Library\PackageCache\com.unity.xr.oculus@1.9.1\Runtime\OculusLoader.cs:249 
  at Unity.XR.Oculus.OculusLoader.EditorLoadOVRPlugin () [0x0007b] in C:\Users\lewic\Desktop\Unity Games\VR Game\Library\PackageCache\com.unity.xr.oculus@1.9.1\Runtime\OculusLoader.cs:234 

(Filename: Library/PackageCache/com.unity.xr.oculus@1.9.1/Runtime/OculusLoader.cs Line: 249)

Mono: successfully reloaded assembly
- Completed reload, in  1.121 seconds
Platform modules already initialized, skipping
Switching build target platform(5) subTarget(0) extendedPlatform(0) -> platform(13) subTarget(524288) extendedPlatform(0)
Shader 'Universal Render Pipeline/Particles/Lit': fallback shader 'Universal Render Pipeline/Particles/SimpleLit' not found
Shader 'Universal Render Pipeline/Particles/Lit': fallback shader 'Universal Render Pipeline/Particles/SimpleLit' not found
Refreshing native plugins compatible for Editor in 0.73 ms, found 8 plugins.
Preloading 1 native plugins for Editor in 0.09 ms.
Unloading 2960 Unused Serialized files (Serialized files now loaded: 0)
System memory in use before: 150.2 MB.
System memory in use after: 147.4 MB.

Unloading 57 unused Assets to reduce memory usage. Loaded Objects now: 3569.
Total: 5.433600 ms (FindLiveObjects: 0.320100 ms CreateObjectMapping: 0.168200 ms MarkObjects: 2.905400 ms  DeleteObjects: 2.038700 ms)

AssetImportParameters requested are different than current active one (requested -> active):
  custom:graphics/normal-map-encoding: 01000000000000000000000000000000 -> 02000000000000000000000000000000
========================================================================
Received Prepare
Registering precompiled user dll's ...
Registered in 0.006958 seconds.
Begin MonoManager ReloadAssembly
Native extension for WindowsStandalone target not found
Refreshing native plugins compatible for Editor in 0.80 ms, found 8 plugins.
Preloading 1 native plugins for Editor in 0.09 ms.
NullReferenceException: Object reference not set to an instance of an object
  at Unity.XR.Oculus.OculusLoader.AssetPathToAbsolutePath (System.String assetPath) [0x00048] in C:\Users\lewic\Desktop\Unity Games\VR Game\Library\PackageCache\com.unity.xr.oculus@1.9.1\Runtime\OculusLoader.cs:249 
  at Unity.XR.Oculus.OculusLoader.EditorLoadOVRPlugin () [0x0007b] in C:\Users\lewic\Desktop\Unity Games\VR Game\Library\PackageCache\com.unity.xr.oculus@1.9.1\Runtime\OculusLoader.cs:234 

(Filename: Library/PackageCache/com.unity.xr.oculus@1.9.1/Runtime/OculusLoader.cs Line: 249)

Mono: successfully reloaded assembly
- Completed reload, in  1.190 seconds
Platform modules already initialized, skipping
Switching build target platform(5) subTarget(0) extendedPlatform(0) -> platform(13) subTarget(524288) extendedPlatform(0)
Shader 'Universal Render Pipeline/Particles/Lit': fallback shader 'Universal Render Pipeline/Particles/SimpleLit' not found
Shader 'Universal Render Pipeline/Particles/Lit': fallback shader 'Universal Render Pipeline/Particles/SimpleLit' not found
Refreshing native plugins compatible for Editor in 0.79 ms, found 8 plugins.
Preloading 1 native plugins for Editor in 0.09 ms.
Unloading 2960 Unused Serialized files (Serialized files now loaded: 0)
System memory in use before: 150.2 MB.
System memory in use after: 147.5 MB.

Unloading 57 unused Assets to reduce memory usage. Loaded Objects now: 3573.
Total: 4.421500 ms (FindLiveObjects: 0.319900 ms CreateObjectMapping: 0.158400 ms MarkObjects: 2.391800 ms  DeleteObjects: 1.550200 ms)

AssetImportParameters requested are different than current active one (requested -> active):
  custom:graphics/normal-map-encoding: 01000000000000000000000000000000 -> 02000000000000000000000000000000
========================================================================
Received Prepare
Registering precompiled user dll's ...
Registered in 0.005949 seconds.
Begin MonoManager ReloadAssembly
Native extension for WindowsStandalone target not found
Refreshing native plugins compatible for Editor in 0.74 ms, found 8 plugins.
Preloading 1 native plugins for Editor in 0.08 ms.
NullReferenceException: Object reference not set to an instance of an object
  at Unity.XR.Oculus.OculusLoader.AssetPathToAbsolutePath (System.String assetPath) [0x00048] in C:\Users\lewic\Desktop\Unity Games\VR Game\Library\PackageCache\com.unity.xr.oculus@1.9.1\Runtime\OculusLoader.cs:249 
  at Unity.XR.Oculus.OculusLoader.EditorLoadOVRPlugin () [0x0007b] in C:\Users\lewic\Desktop\Unity Games\VR Game\Library\PackageCache\com.unity.xr.oculus@1.9.1\Runtime\OculusLoader.cs:234 

(Filename: Library/PackageCache/com.unity.xr.oculus@1.9.1/Runtime/OculusLoader.cs Line: 249)

Mono: successfully reloaded assembly
- Completed reload, in  1.142 seconds
Platform modules already initialized, skipping
Switching build target platform(5) subTarget(0) extendedPlatform(0) -> platform(13) subTarget(524288) extendedPlatform(0)
Shader 'Universal Render Pipeline/Particles/Lit': fallback shader 'Universal Render Pipeline/Particles/SimpleLit' not found
Shader 'Universal Render Pipeline/Particles/Lit': fallback shader 'Universal Render Pipeline/Particles/SimpleLit' not found
Refreshing native plugins compatible for Editor in 0.82 ms, found 8 plugins.
Preloading 1 native plugins for Editor in 0.09 ms.
Unloading 2960 Unused Serialized files (Serialized files now loaded: 0)
System memory in use before: 150.2 MB.
System memory in use after: 147.5 MB.

Unloading 57 unused Assets to reduce memory usage. Loaded Objects now: 3577.
Total: 4.359400 ms (FindLiveObjects: 0.307300 ms CreateObjectMapping: 0.132200 ms MarkObjects: 2.364800 ms  DeleteObjects: 1.553900 ms)

AssetImportParameters requested are different than current active one (requested -> active):
  custom:graphics/normal-map-encoding: 01000000000000000000000000000000 -> 02000000000000000000000000000000
========================================================================
Received Import Request.
  Time since last request: 1417.132726 seconds.
  path: Assets/Animation/LeftHand.controller
  artifactKey: Guid(df3dbedb2e1b1004ca7ad99e8b260039) Importer(815301076,1909f56bfc062723c751e8b465ee728b)
Start importing Assets/Animation/LeftHand.controller using Guid(df3dbedb2e1b1004ca7ad99e8b260039) Importer(815301076,1909f56bfc062723c751e8b465ee728b)  -> (artifact id: 'cf7cf07286562d6663dcb0ed62e80974') in 0.023822 seconds
  Import took 0.029540 seconds .

========================================================================
Received Prepare
Registering precompiled user dll's ...
Registered in 0.005945 seconds.
Begin MonoManager ReloadAssembly
Native extension for WindowsStandalone target not found
Refreshing native plugins compatible for Editor in 0.91 ms, found 8 plugins.
Preloading 1 native plugins for Editor in 0.11 ms.
NullReferenceException: Object reference not set to an instance of an object
  at Unity.XR.Oculus.OculusLoader.AssetPathToAbsolutePath (System.String assetPath) [0x00048] in C:\Users\lewic\Desktop\Unity Games\VR Game\Library\PackageCache\com.unity.xr.oculus@1.9.1\Runtime\OculusLoader.cs:249 
  at Unity.XR.Oculus.OculusLoader.EditorLoadOVRPlugin () [0x0007b] in C:\Users\lewic\Desktop\Unity Games\VR Game\Library\PackageCache\com.unity.xr.oculus@1.9.1\Runtime\OculusLoader.cs:234 

(Filename: Library/PackageCache/com.unity.xr.oculus@1.9.1/Runtime/OculusLoader.cs Line: 249)

Mono: successfully reloaded assembly
- Completed reload, in  1.133 seconds
Platform modules already initialized, skipping
Switching build target platform(5) subTarget(0) extendedPlatform(0) -> platform(13) subTarget(524288) extendedPlatform(0)
Shader 'Universal Render Pipeline/Particles/Lit': fallback shader 'Universal Render Pipeline/Particles/SimpleLit' not found
Shader 'Universal Render Pipeline/Particles/Lit': fallback shader 'Universal Render Pipeline/Particles/SimpleLit' not found
Refreshing native plugins compatible for Editor in 0.73 ms, found 8 plugins.
Preloading 1 native plugins for Editor in 0.09 ms.
Unloading 2960 Unused Serialized files (Serialized files now loaded: 0)
System memory in use before: 150.3 MB.
System memory in use after: 147.5 MB.

Unloading 57 unused Assets to reduce memory usage. Loaded Objects now: 3581.
Total: 5.178900 ms (FindLiveObjects: 0.322700 ms CreateObjectMapping: 0.147100 ms MarkObjects: 3.094000 ms  DeleteObjects: 1.613900 ms)

AssetImportParameters requested are different than current active one (requested -> active):
  custom:graphics/normal-map-encoding: 01000000000000000000000000000000 -> 02000000000000000000000000000000
========================================================================
Received Import Request.
  Time since last request: 229.172419 seconds.
  path: Assets/Animation/HandAnimation.controller
  artifactKey: Guid(0a1a64472ea13da47aba7d7b3c9006dc) Importer(815301076,1909f56bfc062723c751e8b465ee728b)
Start importing Assets/Animation/HandAnimation.controller using Guid(0a1a64472ea13da47aba7d7b3c9006dc) Importer(815301076,1909f56bfc062723c751e8b465ee728b)  -> (artifact id: 'b6b0e12eecac5dbd3396e23c1889d290') in 0.021572 seconds
  Import took 0.027213 seconds .

========================================================================
Received Import Request.
  Time since last request: 127.678687 seconds.
  path: Assets/Animation/HandAnimator.controller
  artifactKey: Guid(df3dbedb2e1b1004ca7ad99e8b260039) Importer(815301076,1909f56bfc062723c751e8b465ee728b)
Start importing Assets/Animation/HandAnimator.controller using Guid(df3dbedb2e1b1004ca7ad99e8b260039) Importer(815301076,1909f56bfc062723c751e8b465ee728b)  -> (artifact id: '4913f5f3a2aa95ca81ef2a488d0c19aa') in 0.009622 seconds
  Import took 0.016586 seconds .

========================================================================
Received Prepare
Registering precompiled user dll's ...
Registered in 0.005805 seconds.
Begin MonoManager ReloadAssembly
Native extension for WindowsStandalone target not found
Refreshing native plugins compatible for Editor in 0.76 ms, found 8 plugins.
Preloading 1 native plugins for Editor in 0.10 ms.
NullReferenceException: Object reference not set to an instance of an object
  at Unity.XR.Oculus.OculusLoader.AssetPathToAbsolutePath (System.String assetPath) [0x00048] in C:\Users\lewic\Desktop\Unity Games\VR Game\Library\PackageCache\com.unity.xr.oculus@1.9.1\Runtime\OculusLoader.cs:249 
  at Unity.XR.Oculus.OculusLoader.EditorLoadOVRPlugin () [0x0007b] in C:\Users\lewic\Desktop\Unity Games\VR Game\Library\PackageCache\com.unity.xr.oculus@1.9.1\Runtime\OculusLoader.cs:234 

(Filename: Library/PackageCache/com.unity.xr.oculus@1.9.1/Runtime/OculusLoader.cs Line: 249)

Mono: successfully reloaded assembly
- Completed reload, in  1.112 seconds
Platform modules already initialized, skipping
Switching build target platform(5) subTarget(0) extendedPlatform(0) -> platform(13) subTarget(524288) extendedPlatform(0)
Shader 'Universal Render Pipeline/Particles/Lit': fallback shader 'Universal Render Pipeline/Particles/SimpleLit' not found
Shader 'Universal Render Pipeline/Particles/Lit': fallback shader 'Universal Render Pipeline/Particles/SimpleLit' not found
Refreshing native plugins compatible for Editor in 0.77 ms, found 8 plugins.
Preloading 1 native plugins for Editor in 0.09 ms.
Unloading 2960 Unused Serialized files (Serialized files now loaded: 0)
System memory in use before: 150.2 MB.
System memory in use after: 147.5 MB.

Unloading 57 unused Assets to reduce memory usage. Loaded Objects now: 3585.
Total: 4.346100 ms (FindLiveObjects: 0.307600 ms CreateObjectMapping: 0.123400 ms MarkObjects: 2.402600 ms  DeleteObjects: 1.511200 ms)

AssetImportParameters requested are different than current active one (requested -> active):
  custom:graphics/normal-map-encoding: 01000000000000000000000000000000 -> 02000000000000000000000000000000
========================================================================
Received Import Request.
  Time since last request: 350.276096 seconds.
  path: Assets/Animation/HandAnimator.controller
  artifactKey: Guid(df3dbedb2e1b1004ca7ad99e8b260039) Importer(815301076,1909f56bfc062723c751e8b465ee728b)
Start importing Assets/Animation/HandAnimator.controller using Guid(df3dbedb2e1b1004ca7ad99e8b260039) Importer(815301076,1909f56bfc062723c751e8b465ee728b)  -> (artifact id: '1035feb712b0749255424897045a73d1') in 0.019367 seconds
  Import took 0.025507 seconds .

========================================================================
Received Import Request.
  Time since last request: 49.126315 seconds.
  path: Assets/Animation/HandClose.anim
  artifactKey: Guid(52c6fa742d37ca549b0014085984e6ca) Importer(815301076,1909f56bfc062723c751e8b465ee728b)
Start importing Assets/Animation/HandClose.anim using Guid(52c6fa742d37ca549b0014085984e6ca) Importer(815301076,1909f56bfc062723c751e8b465ee728b)  -> (artifact id: '27e7e142cdf39bdc4041a5f9375ed9bb') in 0.004364 seconds
  Import took 0.010291 seconds .

========================================================================
Received Import Request.
  Time since last request: 0.001244 seconds.
  path: Assets/Animation/HandClose.anim
  artifactKey: Guid(52c6fa742d37ca549b0014085984e6ca) Importer(815301076,1909f56bfc062723c751e8b465ee728b)
Start importing Assets/Animation/HandClose.anim using Guid(52c6fa742d37ca549b0014085984e6ca) Importer(815301076,1909f56bfc062723c751e8b465ee728b)  -> (artifact id: '27e7e142cdf39bdc4041a5f9375ed9bb') in 0.004139 seconds
  Import took 0.009625 seconds .

========================================================================
Received Import Request.
  Time since last request: 49.938687 seconds.
  path: Assets/Animation/HandAnimator.controller
  artifactKey: Guid(df3dbedb2e1b1004ca7ad99e8b260039) Importer(815301076,1909f56bfc062723c751e8b465ee728b)
Start importing Assets/Animation/HandAnimator.controller using Guid(df3dbedb2e1b1004ca7ad99e8b260039) Importer(815301076,1909f56bfc062723c751e8b465ee728b)  -> (artifact id: '31b71b56a4f1cd90ce4c7f9f0733ef2f') in 0.005482 seconds
  Import took 0.011348 seconds .

========================================================================
Received Prepare
Registering precompiled user dll's ...
Registered in 0.006161 seconds.
Begin MonoManager ReloadAssembly
Native extension for WindowsStandalone target not found
Refreshing native plugins compatible for Editor in 0.75 ms, found 8 plugins.
Preloading 1 native plugins for Editor in 0.10 ms.
NullReferenceException: Object reference not set to an instance of an object
  at Unity.XR.Oculus.OculusLoader.AssetPathToAbsolutePath (System.String assetPath) [0x00048] in C:\Users\lewic\Desktop\Unity Games\VR Game\Library\PackageCache\com.unity.xr.oculus@1.9.1\Runtime\OculusLoader.cs:249 
  at Unity.XR.Oculus.OculusLoader.EditorLoadOVRPlugin () [0x0007b] in C:\Users\lewic\Desktop\Unity Games\VR Game\Library\PackageCache\com.unity.xr.oculus@1.9.1\Runtime\OculusLoader.cs:234 

(Filename: Library/PackageCache/com.unity.xr.oculus@1.9.1/Runtime/OculusLoader.cs Line: 249)

Mono: successfully reloaded assembly
- Completed reload, in  1.164 seconds
Platform modules already initialized, skipping
Switching build target platform(5) subTarget(0) extendedPlatform(0) -> platform(13) subTarget(524288) extendedPlatform(0)
Shader 'Universal Render Pipeline/Particles/Lit': fallback shader 'Universal Render Pipeline/Particles/SimpleLit' not found
Shader 'Universal Render Pipeline/Particles/Lit': fallback shader 'Universal Render Pipeline/Particles/SimpleLit' not found
Refreshing native plugins compatible for Editor in 0.77 ms, found 8 plugins.
Preloading 1 native plugins for Editor in 0.09 ms.
Unloading 2960 Unused Serialized files (Serialized files now loaded: 0)
System memory in use before: 150.3 MB.
System memory in use after: 147.6 MB.

Unloading 57 unused Assets to reduce memory usage. Loaded Objects now: 3589.
Total: 4.425000 ms (FindLiveObjects: 0.310100 ms CreateObjectMapping: 0.134300 ms MarkObjects: 2.460500 ms  DeleteObjects: 1.518900 ms)

AssetImportParameters requested are different than current active one (requested -> active):
  custom:graphics/normal-map-encoding: 01000000000000000000000000000000 -> 02000000000000000000000000000000
========================================================================
Received Import Request.
  Time since last request: 184.854106 seconds.
  path: Assets/Materials
  artifactKey: Guid(d0234ba368eeec9418390da711bfdad0) Importer(815301076,1909f56bfc062723c751e8b465ee728b)
Start importing Assets/Materials using Guid(d0234ba368eeec9418390da711bfdad0) Importer(815301076,1909f56bfc062723c751e8b465ee728b)  -> (artifact id: 'dd1fccef896d48891410691dfde716e5') in 0.010878 seconds
  Import took 0.017117 seconds .

========================================================================
Received Import Request.
  Time since last request: 0.000321 seconds.
  path: Assets/Materials
  artifactKey: Guid(d0234ba368eeec9418390da711bfdad0) Importer(815301076,1909f56bfc062723c751e8b465ee728b)
Start importing Assets/Materials using Guid(d0234ba368eeec9418390da711bfdad0) Importer(815301076,1909f56bfc062723c751e8b465ee728b)  -> (artifact id: 'dd1fccef896d48891410691dfde716e5') in 0.002443 seconds
  Import took 0.007679 seconds .

========================================================================
Received Import Request.
  Time since last request: 0.054144 seconds.
  path: Assets/Materials/Skybox_Mat.mat
  artifactKey: Guid(0ffaa0b7117ba8c47a9d05ae701d4b4d) Importer(815301076,1909f56bfc062723c751e8b465ee728b)
Start importing Assets/Materials/Skybox_Mat.mat using Guid(0ffaa0b7117ba8c47a9d05ae701d4b4d) Importer(815301076,1909f56bfc062723c751e8b465ee728b)  -> (artifact id: '4d54ab3375f41efad00566dcae11def2') in 0.300884 seconds
  Import took 0.306682 seconds .

========================================================================
Received Import Request.
  Time since last request: 10.970682 seconds.
  path: Assets/Materials/TableMat.mat
  artifactKey: Guid(e6793ccd188d03742af3ce80b5d20a0d) Importer(815301076,1909f56bfc062723c751e8b465ee728b)
Start importing Assets/Materials/TableMat.mat using Guid(e6793ccd188d03742af3ce80b5d20a0d) Importer(815301076,1909f56bfc062723c751e8b465ee728b)  -> (artifact id: 'c222b304b49030a8aa00090f28d97a66') in 0.531719 seconds
  Import took 0.537892 seconds .

========================================================================
Received Import Request.
  Time since last request: 24.686460 seconds.
  path: Assets/Materials/ObjectMat.mat
  artifactKey: Guid(ebf5b4fd1b2bfb84ebb5602767fbf51f) Importer(815301076,1909f56bfc062723c751e8b465ee728b)
Start importing Assets/Materials/ObjectMat.mat using Guid(ebf5b4fd1b2bfb84ebb5602767fbf51f) Importer(815301076,1909f56bfc062723c751e8b465ee728b)  -> (artifact id: '31e276f151cd217f2dd0a7cbac485003') in 0.016111 seconds
  Import took 0.021225 seconds .

========================================================================
Received Import Request.
  Time since last request: 0.000308 seconds.
  path: Assets/Materials/TableMat.mat
  artifactKey: Guid(e6793ccd188d03742af3ce80b5d20a0d) Importer(815301076,1909f56bfc062723c751e8b465ee728b)
Start importing Assets/Materials/TableMat.mat using Guid(e6793ccd188d03742af3ce80b5d20a0d) Importer(815301076,1909f56bfc062723c751e8b465ee728b)  -> (artifact id: '8a869eda79d023c5ab72e2e35f2f4a86') in 0.016023 seconds
  Import took 0.023614 seconds .

========================================================================
Received Import Request.
  Time since last request: 45.813604 seconds.
  path: Assets/Materials/ObjectMat.mat
  artifactKey: Guid(ebf5b4fd1b2bfb84ebb5602767fbf51f) Importer(815301076,1909f56bfc062723c751e8b465ee728b)
Start importing Assets/Materials/ObjectMat.mat using Guid(ebf5b4fd1b2bfb84ebb5602767fbf51f) Importer(815301076,1909f56bfc062723c751e8b465ee728b)  -> (artifact id: '0a6a50c9eacfb2785280f8277795e9fd') in 0.017346 seconds
  Import took 0.022586 seconds .

========================================================================
Received Prepare
Registering precompiled user dll's ...
Registered in 0.005804 seconds.
Begin MonoManager ReloadAssembly
Native extension for WindowsStandalone target not found
Refreshing native plugins compatible for Editor in 0.74 ms, found 8 plugins.
Preloading 1 native plugins for Editor in 0.09 ms.
NullReferenceException: Object reference not set to an instance of an object
  at Unity.XR.Oculus.OculusLoader.AssetPathToAbsolutePath (System.String assetPath) [0x00048] in C:\Users\lewic\Desktop\Unity Games\VR Game\Library\PackageCache\com.unity.xr.oculus@1.9.1\Runtime\OculusLoader.cs:249 
  at Unity.XR.Oculus.OculusLoader.EditorLoadOVRPlugin () [0x0007b] in C:\Users\lewic\Desktop\Unity Games\VR Game\Library\PackageCache\com.unity.xr.oculus@1.9.1\Runtime\OculusLoader.cs:234 

(Filename: Library/PackageCache/com.unity.xr.oculus@1.9.1/Runtime/OculusLoader.cs Line: 249)

Mono: successfully reloaded assembly
- Completed reload, in  1.157 seconds
Platform modules already initialized, skipping
Switching build target platform(5) subTarget(0) extendedPlatform(0) -> platform(13) subTarget(524288) extendedPlatform(0)
Shader 'Universal Render Pipeline/Particles/Lit': fallback shader 'Universal Render Pipeline/Particles/SimpleLit' not found
Shader 'Universal Render Pipeline/Particles/Lit': fallback shader 'Universal Render Pipeline/Particles/SimpleLit' not found
Refreshing native plugins compatible for Editor in 0.96 ms, found 8 plugins.
Preloading 1 native plugins for Editor in 0.10 ms.
Unloading 2960 Unused Serialized files (Serialized files now loaded: 0)
System memory in use before: 150.7 MB.
System memory in use after: 148.0 MB.

Unloading 57 unused Assets to reduce memory usage. Loaded Objects now: 3629.
Total: 4.467500 ms (FindLiveObjects: 0.288800 ms CreateObjectMapping: 0.143300 ms MarkObjects: 2.476100 ms  DeleteObjects: 1.558200 ms)

AssetImportParameters requested are different than current active one (requested -> active):
  custom:graphics/normal-map-encoding: 01000000000000000000000000000000 -> 02000000000000000000000000000000
========================================================================
Received Prepare
Registering precompiled user dll's ...
Registered in 0.006137 seconds.
Begin MonoManager ReloadAssembly
Native extension for WindowsStandalone target not found
Refreshing native plugins compatible for Editor in 0.76 ms, found 8 plugins.
Preloading 1 native plugins for Editor in 0.10 ms.
NullReferenceException: Object reference not set to an instance of an object
  at Unity.XR.Oculus.OculusLoader.AssetPathToAbsolutePath (System.String assetPath) [0x00048] in C:\Users\lewic\Desktop\Unity Games\VR Game\Library\PackageCache\com.unity.xr.oculus@1.9.1\Runtime\OculusLoader.cs:249 
  at Unity.XR.Oculus.OculusLoader.EditorLoadOVRPlugin () [0x0007b] in C:\Users\lewic\Desktop\Unity Games\VR Game\Library\PackageCache\com.unity.xr.oculus@1.9.1\Runtime\OculusLoader.cs:234 

(Filename: Library/PackageCache/com.unity.xr.oculus@1.9.1/Runtime/OculusLoader.cs Line: 249)

Mono: successfully reloaded assembly
- Completed reload, in  1.155 seconds
Platform modules already initialized, skipping
Switching build target platform(5) subTarget(0) extendedPlatform(0) -> platform(13) subTarget(524288) extendedPlatform(0)
Shader 'Universal Render Pipeline/Particles/Lit': fallback shader 'Universal Render Pipeline/Particles/SimpleLit' not found
Shader 'Universal Render Pipeline/Particles/Lit': fallback shader 'Universal Render Pipeline/Particles/SimpleLit' not found
Refreshing native plugins compatible for Editor in 0.83 ms, found 8 plugins.
Preloading 1 native plugins for Editor in 0.09 ms.
Unloading 2960 Unused Serialized files (Serialized files now loaded: 0)
System memory in use before: 150.7 MB.
System memory in use after: 148.0 MB.

Unloading 57 unused Assets to reduce memory usage. Loaded Objects now: 3633.
Total: 4.361300 ms (FindLiveObjects: 0.348600 ms CreateObjectMapping: 0.151700 ms MarkObjects: 2.329500 ms  DeleteObjects: 1.530600 ms)

AssetImportParameters requested are different than current active one (requested -> active):
  custom:graphics/normal-map-encoding: 01000000000000000000000000000000 -> 02000000000000000000000000000000
========================================================================
Received Import Request.
  Time since last request: 8278.189097 seconds.
  path: Assets/Materials/ButtonMat.mat
  artifactKey: Guid(a3b4fa10e43393c45a47b52bcf665108) Importer(815301076,1909f56bfc062723c751e8b465ee728b)
Start importing Assets/Materials/ButtonMat.mat using Guid(a3b4fa10e43393c45a47b52bcf665108) Importer(815301076,1909f56bfc062723c751e8b465ee728b)  -> (artifact id: '67b4dcdcd8b74fc11952dbcc7317cba9') in 0.330195 seconds
  Import took 0.370440 seconds .

========================================================================
Received Import Request.
  Time since last request: 91.404430 seconds.
  path: Assets/Materials/Base.mat
  artifactKey: Guid(411b6ac6f9004864297800425a8a2af9) Importer(815301076,1909f56bfc062723c751e8b465ee728b)
Start importing Assets/Materials/Base.mat using Guid(411b6ac6f9004864297800425a8a2af9) Importer(815301076,1909f56bfc062723c751e8b465ee728b)  -> (artifact id: '70ae23a9946ebf4b36c6088353ba8ca5') in 0.014819 seconds
  Import took 0.021410 seconds .

========================================================================
Received Import Request.
  Time since last request: 0.000297 seconds.
  path: Assets/Materials/ButtonMat.mat
  artifactKey: Guid(a3b4fa10e43393c45a47b52bcf665108) Importer(815301076,1909f56bfc062723c751e8b465ee728b)
Start importing Assets/Materials/ButtonMat.mat using Guid(a3b4fa10e43393c45a47b52bcf665108) Importer(815301076,1909f56bfc062723c751e8b465ee728b)  -> (artifact id: '9f58b8fa4896511d410ea771b2b0c841') in 0.013449 seconds
  Import took 0.019880 seconds .

========================================================================
Received Import Request.
  Time since last request: 507.637155 seconds.
  path: Assets/Materials/Base.mat
  artifactKey: Guid(411b6ac6f9004864297800425a8a2af9) Importer(815301076,1909f56bfc062723c751e8b465ee728b)
Start importing Assets/Materials/Base.mat using Guid(411b6ac6f9004864297800425a8a2af9) Importer(815301076,1909f56bfc062723c751e8b465ee728b)  -> (artifact id: '3e74e6ea99f44111244c4d50cc47965e') in 0.016685 seconds
  Import took 0.023995 seconds .

========================================================================
Received Prepare
Registering precompiled user dll's ...
Registered in 0.006515 seconds.
Begin MonoManager ReloadAssembly
Native extension for WindowsStandalone target not found
Refreshing native plugins compatible for Editor in 0.94 ms, found 8 plugins.
Preloading 1 native plugins for Editor in 0.11 ms.
NullReferenceException: Object reference not set to an instance of an object
  at Unity.XR.Oculus.OculusLoader.AssetPathToAbsolutePath (System.String assetPath) [0x00048] in C:\Users\lewic\Desktop\Unity Games\VR Game\Library\PackageCache\com.unity.xr.oculus@1.9.1\Runtime\OculusLoader.cs:249 
  at Unity.XR.Oculus.OculusLoader.EditorLoadOVRPlugin () [0x0007b] in C:\Users\lewic\Desktop\Unity Games\VR Game\Library\PackageCache\com.unity.xr.oculus@1.9.1\Runtime\OculusLoader.cs:234 

(Filename: Library/PackageCache/com.unity.xr.oculus@1.9.1/Runtime/OculusLoader.cs Line: 249)

Mono: successfully reloaded assembly
- Completed reload, in  1.420 seconds
Platform modules already initialized, skipping
Switching build target platform(5) subTarget(0) extendedPlatform(0) -> platform(13) subTarget(524288) extendedPlatform(0)
Shader 'Universal Render Pipeline/Particles/Lit': fallback shader 'Universal Render Pipeline/Particles/SimpleLit' not found
Shader 'Universal Render Pipeline/Particles/Lit': fallback shader 'Universal Render Pipeline/Particles/SimpleLit' not found
Refreshing native plugins compatible for Editor in 1.20 ms, found 8 plugins.
Preloading 1 native plugins for Editor in 0.13 ms.
Unloading 2960 Unused Serialized files (Serialized files now loaded: 0)
System memory in use before: 150.8 MB.
System memory in use after: 148.1 MB.

Unloading 57 unused Assets to reduce memory usage. Loaded Objects now: 3673.
Total: 5.443900 ms (FindLiveObjects: 0.513000 ms CreateObjectMapping: 0.228500 ms MarkObjects: 2.776100 ms  DeleteObjects: 1.924800 ms)

AssetImportParameters requested are different than current active one (requested -> active):
  custom:graphics/normal-map-encoding: 01000000000000000000000000000000 -> 02000000000000000000000000000000
========================================================================
Received Prepare
Registering precompiled user dll's ...
Registered in 0.007092 seconds.
Begin MonoManager ReloadAssembly
Native extension for WindowsStandalone target not found
Refreshing native plugins compatible for Editor in 0.78 ms, found 8 plugins.
Preloading 1 native plugins for Editor in 0.11 ms.
NullReferenceException: Object reference not set to an instance of an object
  at Unity.XR.Oculus.OculusLoader.AssetPathToAbsolutePath (System.String assetPath) [0x00048] in C:\Users\lewic\Desktop\Unity Games\VR Game\Library\PackageCache\com.unity.xr.oculus@1.9.1\Runtime\OculusLoader.cs:249 
  at Unity.XR.Oculus.OculusLoader.EditorLoadOVRPlugin () [0x0007b] in C:\Users\lewic\Desktop\Unity Games\VR Game\Library\PackageCache\com.unity.xr.oculus@1.9.1\Runtime\OculusLoader.cs:234 

(Filename: Library/PackageCache/com.unity.xr.oculus@1.9.1/Runtime/OculusLoader.cs Line: 249)

Mono: successfully reloaded assembly
- Completed reload, in  1.203 seconds
Platform modules already initialized, skipping
Switching build target platform(5) subTarget(0) extendedPlatform(0) -> platform(13) subTarget(524288) extendedPlatform(0)
Shader 'Universal Render Pipeline/Particles/Lit': fallback shader 'Universal Render Pipeline/Particles/SimpleLit' not found
Shader 'Universal Render Pipeline/Particles/Lit': fallback shader 'Universal Render Pipeline/Particles/SimpleLit' not found
Refreshing native plugins compatible for Editor in 0.73 ms, found 8 plugins.
Preloading 1 native plugins for Editor in 0.09 ms.
Unloading 2960 Unused Serialized files (Serialized files now loaded: 0)
System memory in use before: 150.9 MB.
System memory in use after: 148.1 MB.

Unloading 57 unused Assets to reduce memory usage. Loaded Objects now: 3677.
Total: 4.791300 ms (FindLiveObjects: 0.404300 ms CreateObjectMapping: 0.226600 ms MarkObjects: 2.476000 ms  DeleteObjects: 1.683100 ms)

AssetImportParameters requested are different than current active one (requested -> active):
  custom:graphics/normal-map-encoding: 01000000000000000000000000000000 -> 02000000000000000000000000000000
========================================================================
Received Prepare
Registering precompiled user dll's ...
Registered in 0.005942 seconds.
Begin MonoManager ReloadAssembly
Native extension for WindowsStandalone target not found
Refreshing native plugins compatible for Editor in 0.76 ms, found 8 plugins.
Preloading 1 native plugins for Editor in 0.08 ms.
NullReferenceException: Object reference not set to an instance of an object
  at Unity.XR.Oculus.OculusLoader.AssetPathToAbsolutePath (System.String assetPath) [0x00048] in C:\Users\lewic\Desktop\Unity Games\VR Game\Library\PackageCache\com.unity.xr.oculus@1.9.1\Runtime\OculusLoader.cs:249 
  at Unity.XR.Oculus.OculusLoader.EditorLoadOVRPlugin () [0x0007b] in C:\Users\lewic\Desktop\Unity Games\VR Game\Library\PackageCache\com.unity.xr.oculus@1.9.1\Runtime\OculusLoader.cs:234 

(Filename: Library/PackageCache/com.unity.xr.oculus@1.9.1/Runtime/OculusLoader.cs Line: 249)

Mono: successfully reloaded assembly
- Completed reload, in  1.179 seconds
Platform modules already initialized, skipping
Switching build target platform(5) subTarget(0) extendedPlatform(0) -> platform(13) subTarget(524288) extendedPlatform(0)
Shader 'Universal Render Pipeline/Particles/Lit': fallback shader 'Universal Render Pipeline/Particles/SimpleLit' not found
Shader 'Universal Render Pipeline/Particles/Lit': fallback shader 'Universal Render Pipeline/Particles/SimpleLit' not found
Refreshing native plugins compatible for Editor in 0.74 ms, found 8 plugins.
Preloading 1 native plugins for Editor in 0.09 ms.
Unloading 2961 Unused Serialized files (Serialized files now loaded: 0)
System memory in use before: 150.9 MB.
System memory in use after: 148.2 MB.

Unloading 57 unused Assets to reduce memory usage. Loaded Objects now: 3682.
Total: 4.449700 ms (FindLiveObjects: 0.314700 ms CreateObjectMapping: 0.128500 ms MarkObjects: 2.391100 ms  DeleteObjects: 1.614500 ms)

AssetImportParameters requested are different than current active one (requested -> active):
  custom:graphics/normal-map-encoding: 01000000000000000000000000000000 -> 02000000000000000000000000000000
========================================================================
Received Import Request.
  Time since last request: 130.442321 seconds.
  path: Assets/Scripts/NewBehaviourScript.cs
  artifactKey: Guid(e087b2189809ec442870e3fd8406762f) Importer(815301076,1909f56bfc062723c751e8b465ee728b)
Start importing Assets/Scripts/NewBehaviourScript.cs using Guid(e087b2189809ec442870e3fd8406762f) Importer(815301076,1909f56bfc062723c751e8b465ee728b)  -> (artifact id: '9639d7411a359892436970dafeece12c') in 0.010137 seconds
  Import took 0.015812 seconds .

========================================================================
Received Import Request.
  Time since last request: 9.071832 seconds.
  path: Assets/Scripts/PhysicsButton.cs
  artifactKey: Guid(e087b2189809ec442870e3fd8406762f) Importer(815301076,1909f56bfc062723c751e8b465ee728b)
Start importing Assets/Scripts/PhysicsButton.cs using Guid(e087b2189809ec442870e3fd8406762f) Importer(815301076,1909f56bfc062723c751e8b465ee728b)  -> (artifact id: 'c828af2446665032f25c021ac21b5133') in 0.009712 seconds
  Import took 0.019938 seconds .

========================================================================
Received Prepare
Registering precompiled user dll's ...
Registered in 0.005908 seconds.
Begin MonoManager ReloadAssembly
Native extension for WindowsStandalone target not found
Refreshing native plugins compatible for Editor in 0.73 ms, found 8 plugins.
Preloading 1 native plugins for Editor in 0.11 ms.
NullReferenceException: Object reference not set to an instance of an object
  at Unity.XR.Oculus.OculusLoader.AssetPathToAbsolutePath (System.String assetPath) [0x00048] in C:\Users\lewic\Desktop\Unity Games\VR Game\Library\PackageCache\com.unity.xr.oculus@1.9.1\Runtime\OculusLoader.cs:249 
  at Unity.XR.Oculus.OculusLoader.EditorLoadOVRPlugin () [0x0007b] in C:\Users\lewic\Desktop\Unity Games\VR Game\Library\PackageCache\com.unity.xr.oculus@1.9.1\Runtime\OculusLoader.cs:234 

(Filename: Library/PackageCache/com.unity.xr.oculus@1.9.1/Runtime/OculusLoader.cs Line: 249)

Mono: successfully reloaded assembly
- Completed reload, in  1.172 seconds
Platform modules already initialized, skipping
Switching build target platform(5) subTarget(0) extendedPlatform(0) -> platform(13) subTarget(524288) extendedPlatform(0)
Shader 'Universal Render Pipeline/Particles/Lit': fallback shader 'Universal Render Pipeline/Particles/SimpleLit' not found
Shader 'Universal Render Pipeline/Particles/Lit': fallback shader 'Universal Render Pipeline/Particles/SimpleLit' not found
Refreshing native plugins compatible for Editor in 0.73 ms, found 8 plugins.
Preloading 1 native plugins for Editor in 0.09 ms.
Unloading 2961 Unused Serialized files (Serialized files now loaded: 0)
System memory in use before: 150.9 MB.
System memory in use after: 148.2 MB.

Unloading 57 unused Assets to reduce memory usage. Loaded Objects now: 3686.
Total: 5.978200 ms (FindLiveObjects: 0.341400 ms CreateObjectMapping: 0.147000 ms MarkObjects: 2.809300 ms  DeleteObjects: 2.679600 ms)

AssetImportParameters requested are different than current active one (requested -> active):
  custom:graphics/normal-map-encoding: 01000000000000000000000000000000 -> 02000000000000000000000000000000
========================================================================
Received Prepare
Registering precompiled user dll's ...
Registered in 0.008874 seconds.
Begin MonoManager ReloadAssembly
Native extension for WindowsStandalone target not found
Refreshing native plugins compatible for Editor in 0.74 ms, found 8 plugins.
Preloading 1 native plugins for Editor in 0.09 ms.
NullReferenceException: Object reference not set to an instance of an object
  at Unity.XR.Oculus.OculusLoader.AssetPathToAbsolutePath (System.String assetPath) [0x00048] in C:\Users\lewic\Desktop\Unity Games\VR Game\Library\PackageCache\com.unity.xr.oculus@1.9.1\Runtime\OculusLoader.cs:249 
  at Unity.XR.Oculus.OculusLoader.EditorLoadOVRPlugin () [0x0007b] in C:\Users\lewic\Desktop\Unity Games\VR Game\Library\PackageCache\com.unity.xr.oculus@1.9.1\Runtime\OculusLoader.cs:234 

(Filename: Library/PackageCache/com.unity.xr.oculus@1.9.1/Runtime/OculusLoader.cs Line: 249)

Mono: successfully reloaded assembly
- Completed reload, in  1.181 seconds
Platform modules already initialized, skipping
Switching build target platform(5) subTarget(0) extendedPlatform(0) -> platform(13) subTarget(524288) extendedPlatform(0)
Shader 'Universal Render Pipeline/Particles/Lit': fallback shader 'Universal Render Pipeline/Particles/SimpleLit' not found
Shader 'Universal Render Pipeline/Particles/Lit': fallback shader 'Universal Render Pipeline/Particles/SimpleLit' not found
Refreshing native plugins compatible for Editor in 0.74 ms, found 8 plugins.
Preloading 1 native plugins for Editor in 0.08 ms.
Unloading 2962 Unused Serialized files (Serialized files now loaded: 0)
System memory in use before: 150.9 MB.
System memory in use after: 148.2 MB.

Unloading 57 unused Assets to reduce memory usage. Loaded Objects now: 3691.
Total: 4.526700 ms (FindLiveObjects: 0.320000 ms CreateObjectMapping: 0.130700 ms MarkObjects: 2.491300 ms  DeleteObjects: 1.583700 ms)

AssetImportParameters requested are different than current active one (requested -> active):
  custom:graphics/normal-map-encoding: 01000000000000000000000000000000 -> 02000000000000000000000000000000
========================================================================
Received Import Request.
  Time since last request: 69.602222 seconds.
  path: Assets/phy.cs
  artifactKey: Guid(77ce7cb72fe39d9408c983b8c19bc4df) Importer(815301076,1909f56bfc062723c751e8b465ee728b)
Start importing Assets/phy.cs using Guid(77ce7cb72fe39d9408c983b8c19bc4df) Importer(815301076,1909f56bfc062723c751e8b465ee728b)  -> (artifact id: '383a2d69ac825b61f50ddc0b4d525cb2') in 0.011800 seconds
  Import took 0.018268 seconds .

========================================================================
Received Import Request.
  Time since last request: 0.866227 seconds.
  path: Assets/scr.cs
  artifactKey: Guid(b0a6703b176c32143b2f8ab7758b1b11) Importer(815301076,1909f56bfc062723c751e8b465ee728b)
Start importing Assets/scr.cs using Guid(b0a6703b176c32143b2f8ab7758b1b11) Importer(815301076,1909f56bfc062723c751e8b465ee728b)  -> (artifact id: '931873c847e19996b83e279eacb12d40') in 0.006797 seconds
  Import took 0.012089 seconds .

========================================================================
Received Prepare
Registering precompiled user dll's ...
Registered in 0.005917 seconds.
Begin MonoManager ReloadAssembly
Native extension for WindowsStandalone target not found
Refreshing native plugins compatible for Editor in 0.74 ms, found 8 plugins.
Preloading 1 native plugins for Editor in 0.09 ms.
NullReferenceException: Object reference not set to an instance of an object
  at Unity.XR.Oculus.OculusLoader.AssetPathToAbsolutePath (System.String assetPath) [0x00048] in C:\Users\lewic\Desktop\Unity Games\VR Game\Library\PackageCache\com.unity.xr.oculus@1.9.1\Runtime\OculusLoader.cs:249 
  at Unity.XR.Oculus.OculusLoader.EditorLoadOVRPlugin () [0x0007b] in C:\Users\lewic\Desktop\Unity Games\VR Game\Library\PackageCache\com.unity.xr.oculus@1.9.1\Runtime\OculusLoader.cs:234 

(Filename: Library/PackageCache/com.unity.xr.oculus@1.9.1/Runtime/OculusLoader.cs Line: 249)

Mono: successfully reloaded assembly
- Completed reload, in  1.177 seconds
Platform modules already initialized, skipping
Switching build target platform(5) subTarget(0) extendedPlatform(0) -> platform(13) subTarget(524288) extendedPlatform(0)
Shader 'Universal Render Pipeline/Particles/Lit': fallback shader 'Universal Render Pipeline/Particles/SimpleLit' not found
Shader 'Universal Render Pipeline/Particles/Lit': fallback shader 'Universal Render Pipeline/Particles/SimpleLit' not found
Refreshing native plugins compatible for Editor in 0.76 ms, found 8 plugins.
Preloading 1 native plugins for Editor in 0.09 ms.
Unloading 2960 Unused Serialized files (Serialized files now loaded: 0)
System memory in use before: 150.9 MB.
System memory in use after: 148.2 MB.

Unloading 59 unused Assets to reduce memory usage. Loaded Objects now: 3693.
Total: 4.844700 ms (FindLiveObjects: 0.352300 ms CreateObjectMapping: 0.189600 ms MarkObjects: 2.635800 ms  DeleteObjects: 1.665800 ms)

AssetImportParameters requested are different than current active one (requested -> active):
  custom:graphics/normal-map-encoding: 01000000000000000000000000000000 -> 02000000000000000000000000000000
========================================================================
Received Prepare
Registering precompiled user dll's ...
Registered in 0.005721 seconds.
Begin MonoManager ReloadAssembly
Native extension for WindowsStandalone target not found
Refreshing native plugins compatible for Editor in 0.96 ms, found 8 plugins.
Preloading 1 native plugins for Editor in 0.09 ms.
NullReferenceException: Object reference not set to an instance of an object
  at Unity.XR.Oculus.OculusLoader.AssetPathToAbsolutePath (System.String assetPath) [0x00048] in C:\Users\lewic\Desktop\Unity Games\VR Game\Library\PackageCache\com.unity.xr.oculus@1.9.1\Runtime\OculusLoader.cs:249 
  at Unity.XR.Oculus.OculusLoader.EditorLoadOVRPlugin () [0x0007b] in C:\Users\lewic\Desktop\Unity Games\VR Game\Library\PackageCache\com.unity.xr.oculus@1.9.1\Runtime\OculusLoader.cs:234 

(Filename: Library/PackageCache/com.unity.xr.oculus@1.9.1/Runtime/OculusLoader.cs Line: 249)

Mono: successfully reloaded assembly
- Completed reload, in  1.167 seconds
Platform modules already initialized, skipping
Switching build target platform(5) subTarget(0) extendedPlatform(0) -> platform(13) subTarget(524288) extendedPlatform(0)
Shader 'Universal Render Pipeline/Particles/Lit': fallback shader 'Universal Render Pipeline/Particles/SimpleLit' not found
Shader 'Universal Render Pipeline/Particles/Lit': fallback shader 'Universal Render Pipeline/Particles/SimpleLit' not found
Refreshing native plugins compatible for Editor in 0.72 ms, found 8 plugins.
Preloading 1 native plugins for Editor in 0.08 ms.
Unloading 2960 Unused Serialized files (Serialized files now loaded: 0)
System memory in use before: 150.9 MB.
System memory in use after: 148.2 MB.

Unloading 57 unused Assets to reduce memory usage. Loaded Objects now: 3697.
Total: 4.717900 ms (FindLiveObjects: 0.321300 ms CreateObjectMapping: 0.148200 ms MarkObjects: 2.585900 ms  DeleteObjects: 1.661500 ms)

AssetImportParameters requested are different than current active one (requested -> active):
  custom:graphics/normal-map-encoding: 01000000000000000000000000000000 -> 02000000000000000000000000000000
========================================================================
Received Import Request.
  Time since last request: 61.464821 seconds.
  path: Assets/Scripts/HandController.cs
  artifactKey: Guid(0ca9a3f3b2d07b149b1b9371071db550) Importer(815301076,1909f56bfc062723c751e8b465ee728b)
Start importing Assets/Scripts/HandController.cs using Guid(0ca9a3f3b2d07b149b1b9371071db550) Importer(815301076,1909f56bfc062723c751e8b465ee728b)  -> (artifact id: '0f1a67277e7fe7d83f74fc650b0baaf9') in 0.011773 seconds
  Import took 0.017063 seconds .

========================================================================
Received Import Request.
  Time since last request: 1.955709 seconds.
  path: Assets/Scripts/Hand.cs
  artifactKey: Guid(abb12ed41a9e5ba44a9311f314bb8368) Importer(815301076,1909f56bfc062723c751e8b465ee728b)
Start importing Assets/Scripts/Hand.cs using Guid(abb12ed41a9e5ba44a9311f314bb8368) Importer(815301076,1909f56bfc062723c751e8b465ee728b)  -> (artifact id: '08bd1072d6efd7b8d383863266bda74b') in 0.006237 seconds
  Import took 0.011355 seconds .

========================================================================
Received Prepare
Registering precompiled user dll's ...
Registered in 0.005731 seconds.
Begin MonoManager ReloadAssembly
Native extension for WindowsStandalone target not found
Refreshing native plugins compatible for Editor in 0.75 ms, found 8 plugins.
Preloading 1 native plugins for Editor in 0.14 ms.
NullReferenceException: Object reference not set to an instance of an object
  at Unity.XR.Oculus.OculusLoader.AssetPathToAbsolutePath (System.String assetPath) [0x00048] in C:\Users\lewic\Desktop\Unity Games\VR Game\Library\PackageCache\com.unity.xr.oculus@1.9.1\Runtime\OculusLoader.cs:249 
  at Unity.XR.Oculus.OculusLoader.EditorLoadOVRPlugin () [0x0007b] in C:\Users\lewic\Desktop\Unity Games\VR Game\Library\PackageCache\com.unity.xr.oculus@1.9.1\Runtime\OculusLoader.cs:234 

(Filename: Library/PackageCache/com.unity.xr.oculus@1.9.1/Runtime/OculusLoader.cs Line: 249)

Mono: successfully reloaded assembly
- Completed reload, in  1.205 seconds
Platform modules already initialized, skipping
Switching build target platform(5) subTarget(0) extendedPlatform(0) -> platform(13) subTarget(524288) extendedPlatform(0)
Shader 'Universal Render Pipeline/Particles/Lit': fallback shader 'Universal Render Pipeline/Particles/SimpleLit' not found
Shader 'Universal Render Pipeline/Particles/Lit': fallback shader 'Universal Render Pipeline/Particles/SimpleLit' not found
Refreshing native plugins compatible for Editor in 0.75 ms, found 8 plugins.
Preloading 1 native plugins for Editor in 0.09 ms.
Unloading 2960 Unused Serialized files (Serialized files now loaded: 0)
System memory in use before: 151.0 MB.
System memory in use after: 148.2 MB.

Unloading 57 unused Assets to reduce memory usage. Loaded Objects now: 3701.
Total: 5.466100 ms (FindLiveObjects: 0.389800 ms CreateObjectMapping: 0.292400 ms MarkObjects: 3.086400 ms  DeleteObjects: 1.695900 ms)

AssetImportParameters requested are different than current active one (requested -> active):
  custom:graphics/normal-map-encoding: 01000000000000000000000000000000 -> 02000000000000000000000000000000
========================================================================
Received Prepare
Registering precompiled user dll's ...
Registered in 0.005900 seconds.
Begin MonoManager ReloadAssembly
Native extension for WindowsStandalone target not found
Refreshing native plugins compatible for Editor in 0.74 ms, found 8 plugins.
Preloading 1 native plugins for Editor in 0.09 ms.
NullReferenceException: Object reference not set to an instance of an object
  at Unity.XR.Oculus.OculusLoader.AssetPathToAbsolutePath (System.String assetPath) [0x00048] in C:\Users\lewic\Desktop\Unity Games\VR Game\Library\PackageCache\com.unity.xr.oculus@1.9.1\Runtime\OculusLoader.cs:249 
  at Unity.XR.Oculus.OculusLoader.EditorLoadOVRPlugin () [0x0007b] in C:\Users\lewic\Desktop\Unity Games\VR Game\Library\PackageCache\com.unity.xr.oculus@1.9.1\Runtime\OculusLoader.cs:234 

(Filename: Library/PackageCache/com.unity.xr.oculus@1.9.1/Runtime/OculusLoader.cs Line: 249)

Mono: successfully reloaded assembly
- Completed reload, in  1.169 seconds
Platform modules already initialized, skipping
Switching build target platform(5) subTarget(0) extendedPlatform(0) -> platform(13) subTarget(524288) extendedPlatform(0)
Shader 'Universal Render Pipeline/Particles/Lit': fallback shader 'Universal Render Pipeline/Particles/SimpleLit' not found
Shader 'Universal Render Pipeline/Particles/Lit': fallback shader 'Universal Render Pipeline/Particles/SimpleLit' not found
Refreshing native plugins compatible for Editor in 0.78 ms, found 8 plugins.
Preloading 1 native plugins for Editor in 0.10 ms.
Unloading 2960 Unused Serialized files (Serialized files now loaded: 0)
System memory in use before: 150.9 MB.
System memory in use after: 148.2 MB.

Unloading 57 unused Assets to reduce memory usage. Loaded Objects now: 3705.
Total: 4.663700 ms (FindLiveObjects: 0.290800 ms CreateObjectMapping: 0.132000 ms MarkObjects: 2.500100 ms  DeleteObjects: 1.739700 ms)

AssetImportParameters requested are different than current active one (requested -> active):
  custom:graphics/normal-map-encoding: 01000000000000000000000000000000 -> 02000000000000000000000000000000
========================================================================
Received Prepare
Registering precompiled user dll's ...
Registered in 0.006929 seconds.
Begin MonoManager ReloadAssembly
Native extension for WindowsStandalone target not found
Refreshing native plugins compatible for Editor in 1.04 ms, found 8 plugins.
Preloading 1 native plugins for Editor in 0.12 ms.
NullReferenceException: Object reference not set to an instance of an object
  at Unity.XR.Oculus.OculusLoader.AssetPathToAbsolutePath (System.String assetPath) [0x00048] in C:\Users\lewic\Desktop\Unity Games\VR Game\Library\PackageCache\com.unity.xr.oculus@1.9.1\Runtime\OculusLoader.cs:249 
  at Unity.XR.Oculus.OculusLoader.EditorLoadOVRPlugin () [0x0007b] in C:\Users\lewic\Desktop\Unity Games\VR Game\Library\PackageCache\com.unity.xr.oculus@1.9.1\Runtime\OculusLoader.cs:234 

(Filename: Library/PackageCache/com.unity.xr.oculus@1.9.1/Runtime/OculusLoader.cs Line: 249)

Mono: successfully reloaded assembly
- Completed reload, in  1.405 seconds
Platform modules already initialized, skipping
Switching build target platform(5) subTarget(0) extendedPlatform(0) -> platform(13) subTarget(524288) extendedPlatform(0)
Shader 'Universal Render Pipeline/Particles/Lit': fallback shader 'Universal Render Pipeline/Particles/SimpleLit' not found
Shader 'Universal Render Pipeline/Particles/Lit': fallback shader 'Universal Render Pipeline/Particles/SimpleLit' not found
Refreshing native plugins compatible for Editor in 1.01 ms, found 8 plugins.
Preloading 1 native plugins for Editor in 0.10 ms.
Unloading 2960 Unused Serialized files (Serialized files now loaded: 0)
System memory in use before: 151.0 MB.
System memory in use after: 148.2 MB.

Unloading 57 unused Assets to reduce memory usage. Loaded Objects now: 3709.
Total: 5.002300 ms (FindLiveObjects: 0.323800 ms CreateObjectMapping: 0.190100 ms MarkObjects: 2.766400 ms  DeleteObjects: 1.720500 ms)

AssetImportParameters requested are different than current active one (requested -> active):
  custom:graphics/normal-map-encoding: 01000000000000000000000000000000 -> 02000000000000000000000000000000
========================================================================
Received Prepare
Registering precompiled user dll's ...
Registered in 0.005964 seconds.
Begin MonoManager ReloadAssembly
Native extension for WindowsStandalone target not found
Refreshing native plugins compatible for Editor in 0.75 ms, found 8 plugins.
Preloading 1 native plugins for Editor in 0.09 ms.
NullReferenceException: Object reference not set to an instance of an object
  at Unity.XR.Oculus.OculusLoader.AssetPathToAbsolutePath (System.String assetPath) [0x00048] in C:\Users\lewic\Desktop\Unity Games\VR Game\Library\PackageCache\com.unity.xr.oculus@1.9.1\Runtime\OculusLoader.cs:249 
  at Unity.XR.Oculus.OculusLoader.EditorLoadOVRPlugin () [0x0007b] in C:\Users\lewic\Desktop\Unity Games\VR Game\Library\PackageCache\com.unity.xr.oculus@1.9.1\Runtime\OculusLoader.cs:234 

(Filename: Library/PackageCache/com.unity.xr.oculus@1.9.1/Runtime/OculusLoader.cs Line: 249)

Mono: successfully reloaded assembly
- Completed reload, in  1.239 seconds
Platform modules already initialized, skipping
Switching build target platform(5) subTarget(0) extendedPlatform(0) -> platform(13) subTarget(524288) extendedPlatform(0)
Shader 'Universal Render Pipeline/Particles/Lit': fallback shader 'Universal Render Pipeline/Particles/SimpleLit' not found
Shader 'Universal Render Pipeline/Particles/Lit': fallback shader 'Universal Render Pipeline/Particles/SimpleLit' not found
Refreshing native plugins compatible for Editor in 0.72 ms, found 8 plugins.
Preloading 1 native plugins for Editor in 0.09 ms.
Unloading 2960 Unused Serialized files (Serialized files now loaded: 0)
System memory in use before: 150.9 MB.
System memory in use after: 148.2 MB.

Unloading 57 unused Assets to reduce memory usage. Loaded Objects now: 3713.
Total: 4.620200 ms (FindLiveObjects: 0.353200 ms CreateObjectMapping: 0.164500 ms MarkObjects: 2.563000 ms  DeleteObjects: 1.538100 ms)

AssetImportParameters requested are different than current active one (requested -> active):
  custom:graphics/normal-map-encoding: 01000000000000000000000000000000 -> 02000000000000000000000000000000
========================================================================
Received Prepare
Registering precompiled user dll's ...
Registered in 0.006491 seconds.
Begin MonoManager ReloadAssembly
Native extension for WindowsStandalone target not found
Refreshing native plugins compatible for Editor in 0.81 ms, found 8 plugins.
Preloading 1 native plugins for Editor in 0.11 ms.
NullReferenceException: Object reference not set to an instance of an object
  at Unity.XR.Oculus.OculusLoader.AssetPathToAbsolutePath (System.String assetPath) [0x00048] in C:\Users\lewic\Desktop\Unity Games\VR Game\Library\PackageCache\com.unity.xr.oculus@1.9.1\Runtime\OculusLoader.cs:249 
  at Unity.XR.Oculus.OculusLoader.EditorLoadOVRPlugin () [0x0007b] in C:\Users\lewic\Desktop\Unity Games\VR Game\Library\PackageCache\com.unity.xr.oculus@1.9.1\Runtime\OculusLoader.cs:234 

(Filename: Library/PackageCache/com.unity.xr.oculus@1.9.1/Runtime/OculusLoader.cs Line: 249)

Mono: successfully reloaded assembly
- Completed reload, in  1.227 seconds
Platform modules already initialized, skipping
Switching build target platform(5) subTarget(0) extendedPlatform(0) -> platform(13) subTarget(524288) extendedPlatform(0)
Shader 'Universal Render Pipeline/Particles/Lit': fallback shader 'Universal Render Pipeline/Particles/SimpleLit' not found
Shader 'Universal Render Pipeline/Particles/Lit': fallback shader 'Universal Render Pipeline/Particles/SimpleLit' not found
Refreshing native plugins compatible for Editor in 0.76 ms, found 8 plugins.
Preloading 1 native plugins for Editor in 0.10 ms.
Unloading 2960 Unused Serialized files (Serialized files now loaded: 0)
System memory in use before: 151.0 MB.
System memory in use after: 148.3 MB.

Unloading 57 unused Assets to reduce memory usage. Loaded Objects now: 3717.
Total: 4.690500 ms (FindLiveObjects: 0.362100 ms CreateObjectMapping: 0.169200 ms MarkObjects: 2.556000 ms  DeleteObjects: 1.602200 ms)

AssetImportParameters requested are different than current active one (requested -> active):
  custom:graphics/normal-map-encoding: 01000000000000000000000000000000 -> 02000000000000000000000000000000
========================================================================
Received Prepare
Registering precompiled user dll's ...
Registered in 0.005876 seconds.
Begin MonoManager ReloadAssembly
Native extension for WindowsStandalone target not found
Refreshing native plugins compatible for Editor in 0.85 ms, found 8 plugins.
Preloading 1 native plugins for Editor in 0.10 ms.
NullReferenceException: Object reference not set to an instance of an object
  at Unity.XR.Oculus.OculusLoader.AssetPathToAbsolutePath (System.String assetPath) [0x00048] in C:\Users\lewic\Desktop\Unity Games\VR Game\Library\PackageCache\com.unity.xr.oculus@1.9.1\Runtime\OculusLoader.cs:249 
  at Unity.XR.Oculus.OculusLoader.EditorLoadOVRPlugin () [0x0007b] in C:\Users\lewic\Desktop\Unity Games\VR Game\Library\PackageCache\com.unity.xr.oculus@1.9.1\Runtime\OculusLoader.cs:234 

(Filename: Library/PackageCache/com.unity.xr.oculus@1.9.1/Runtime/OculusLoader.cs Line: 249)

Mono: successfully reloaded assembly
- Completed reload, in  1.247 seconds
Platform modules already initialized, skipping
Switching build target platform(5) subTarget(0) extendedPlatform(0) -> platform(13) subTarget(524288) extendedPlatform(0)
Shader 'Universal Render Pipeline/Particles/Lit': fallback shader 'Universal Render Pipeline/Particles/SimpleLit' not found
Shader 'Universal Render Pipeline/Particles/Lit': fallback shader 'Universal Render Pipeline/Particles/SimpleLit' not found
Refreshing native plugins compatible for Editor in 0.74 ms, found 8 plugins.
Preloading 1 native plugins for Editor in 0.09 ms.
Unloading 2960 Unused Serialized files (Serialized files now loaded: 0)
System memory in use before: 151.0 MB.
System memory in use after: 148.3 MB.

Unloading 57 unused Assets to reduce memory usage. Loaded Objects now: 3721.
Total: 4.578100 ms (FindLiveObjects: 0.320400 ms CreateObjectMapping: 0.136300 ms MarkObjects: 2.553300 ms  DeleteObjects: 1.567000 ms)

AssetImportParameters requested are different than current active one (requested -> active):
  custom:graphics/normal-map-encoding: 01000000000000000000000000000000 -> 02000000000000000000000000000000
========================================================================
Received Import Request.
  Time since last request: 1827.367520 seconds.
  path: Assets/ExampleAssets/Models/Workbench.fbx
  artifactKey: Guid(efe9381559c516743bd05cef82f39ebb) Importer(815301076,1909f56bfc062723c751e8b465ee728b)
Start importing Assets/ExampleAssets/Models/Workbench.fbx using Guid(efe9381559c516743bd05cef82f39ebb) Importer(815301076,1909f56bfc062723c751e8b465ee728b)  -> (artifact id: '9763579b58169ef327fd8d483de42484') in 0.447957 seconds
  Import took 0.454006 seconds .

========================================================================
Received Import Request.
  Time since last request: 0.000287 seconds.
  path: Assets/ExampleAssets/Models/hammer_low.fbx
  artifactKey: Guid(68a66fb5a71f8204a8dcb613c97d1fa8) Importer(815301076,1909f56bfc062723c751e8b465ee728b)
Start importing Assets/ExampleAssets/Models/hammer_low.fbx using Guid(68a66fb5a71f8204a8dcb613c97d1fa8) Importer(815301076,1909f56bfc062723c751e8b465ee728b)  -> (artifact id: 'a0098d2334523c92cc3d702ca4ee63b2') in 0.019945 seconds
  Import took 0.025445 seconds .

========================================================================
Received Import Request.
  Time since last request: 0.000287 seconds.
  path: Assets/ExampleAssets/Models/safetygoggles_low.fbx
  artifactKey: Guid(6296e48663fd7ad46b1a2af507f871cf) Importer(815301076,1909f56bfc062723c751e8b465ee728b)
Start importing Assets/ExampleAssets/Models/safetygoggles_low.fbx using Guid(6296e48663fd7ad46b1a2af507f871cf) Importer(815301076,1909f56bfc062723c751e8b465ee728b)  -> (artifact id: '4ae8946a3f99a923f7803907a8c27ead') in 0.309509 seconds
  Import took 0.314958 seconds .

========================================================================
Received Import Request.
  Time since last request: 0.000284 seconds.
  path: Assets/ExampleAssets/Models/Stud.fbx
  artifactKey: Guid(34624edaccd9d704a95ed404d919b492) Importer(815301076,1909f56bfc062723c751e8b465ee728b)
Start importing Assets/ExampleAssets/Models/Stud.fbx using Guid(34624edaccd9d704a95ed404d919b492) Importer(815301076,1909f56bfc062723c751e8b465ee728b)  -> (artifact id: 'fb17f227481600cbf7b05869a1581d00') in 0.030686 seconds
  Import took 0.036520 seconds .

========================================================================
Received Import Request.
  Time since last request: 0.000240 seconds.
  path: Assets/ExampleAssets/Models/jigsaw_low.fbx
  artifactKey: Guid(8b73e8872ca76104bbca4ee2b704a1b4) Importer(815301076,1909f56bfc062723c751e8b465ee728b)
Start importing Assets/ExampleAssets/Models/jigsaw_low.fbx using Guid(8b73e8872ca76104bbca4ee2b704a1b4) Importer(815301076,1909f56bfc062723c751e8b465ee728b)  -> (artifact id: 'd53f040b600b39887964ede166fc9514') in 0.030114 seconds
  Import took 0.035340 seconds .

========================================================================
Received Import Request.
  Time since last request: 0.000266 seconds.
  path: Assets/ExampleAssets/Models/magneticlevel_low.fbx
  artifactKey: Guid(bae110eee250e4b418b188f4ae4e3170) Importer(815301076,1909f56bfc062723c751e8b465ee728b)
Start importing Assets/ExampleAssets/Models/magneticlevel_low.fbx using Guid(bae110eee250e4b418b188f4ae4e3170) Importer(815301076,1909f56bfc062723c751e8b465ee728b)  -> (artifact id: 'b7daa638a4f61892d85b4e50fee1e849') in 0.035683 seconds
  Import took 0.041357 seconds .

========================================================================
Received Import Request.
  Time since last request: 0.000257 seconds.
  path: Assets/ExampleAssets/Models/brush_low.fbx
  artifactKey: Guid(aed8c47425ab91f4eb06ce6fe47c3e4e) Importer(815301076,1909f56bfc062723c751e8b465ee728b)
Start importing Assets/ExampleAssets/Models/brush_low.fbx using Guid(aed8c47425ab91f4eb06ce6fe47c3e4e) Importer(815301076,1909f56bfc062723c751e8b465ee728b)  -> (artifact id: '63620a007dd9fe2e65d60fdf9aa5fa41') in 0.025945 seconds
  Import took 0.031818 seconds .

========================================================================
Received Import Request.
  Time since last request: 0.000284 seconds.
  path: Assets/ExampleAssets/Models/paintbucket_low.fbx
  artifactKey: Guid(b451a052397f03c4f8a04d915d1c0492) Importer(815301076,1909f56bfc062723c751e8b465ee728b)
Start importing Assets/ExampleAssets/Models/paintbucket_low.fbx using Guid(b451a052397f03c4f8a04d915d1c0492) Importer(815301076,1909f56bfc062723c751e8b465ee728b)  -> (artifact id: '3fb120b6ed1c9690f3c18633a9ae2dd0') in 0.048413 seconds
  Import took 0.053958 seconds .

========================================================================
Received Import Request.
  Time since last request: 0.000247 seconds.
  path: Assets/ExampleAssets/Models/Workshop_Set.fbx
  artifactKey: Guid(47616bd0cda748d4cbedcfc908506b9d) Importer(815301076,1909f56bfc062723c751e8b465ee728b)
Start importing Assets/ExampleAssets/Models/Workshop_Set.fbx using Guid(47616bd0cda748d4cbedcfc908506b9d) Importer(815301076,1909f56bfc062723c751e8b465ee728b)  -> (artifact id: 'e07793a4d2b03e0e09167bfceb24a94b') in 0.070789 seconds
  Import took 0.076204 seconds .

========================================================================
Received Import Request.
  Time since last request: 0.000241 seconds.
  path: Assets/ExampleAssets/Models/ConstructionLight_Low.fbx
  artifactKey: Guid(e3ae06a3979f53046aa05330d69de1fa) Importer(815301076,1909f56bfc062723c751e8b465ee728b)
Start importing Assets/ExampleAssets/Models/ConstructionLight_Low.fbx using Guid(e3ae06a3979f53046aa05330d69de1fa) Importer(815301076,1909f56bfc062723c751e8b465ee728b)  -> (artifact id: 'f3028224e6409f1dfa8977a546b05e9a') in 0.046959 seconds
  Import took 0.052518 seconds .

========================================================================
Received Import Request.
  Time since last request: 0.000278 seconds.
  path: Assets/ExampleAssets/Models/Workbench_Low.fbx
  artifactKey: Guid(ff6dc36862fe41641bb21568d92147c9) Importer(815301076,1909f56bfc062723c751e8b465ee728b)
Start importing Assets/ExampleAssets/Models/Workbench_Low.fbx using Guid(ff6dc36862fe41641bb21568d92147c9) Importer(815301076,1909f56bfc062723c751e8b465ee728b)  -> (artifact id: '5f99d08570cdde3afaf55ae1a8262d9b') in 0.078369 seconds
  Import took 0.084814 seconds .

========================================================================
Received Import Request.
  Time since last request: 0.000260 seconds.
  path: Assets/ExampleAssets/Models/safetyhat_low.fbx
  artifactKey: Guid(9d0d902f71acfe646a46cb625f815a49) Importer(815301076,1909f56bfc062723c751e8b465ee728b)
Start importing Assets/ExampleAssets/Models/safetyhat_low.fbx using Guid(9d0d902f71acfe646a46cb625f815a49) Importer(815301076,1909f56bfc062723c751e8b465ee728b)  -> (artifact id: '5935c6193b6a59e066fce2003b46692c') in 0.024061 seconds
  Import took 0.030470 seconds .

========================================================================
Received Import Request.
  Time since last request: 0.000239 seconds.
  path: Assets/ExampleAssets/Models/small_plane.fbx
  artifactKey: Guid(aeaee610429f51f44981e141eb2a3545) Importer(815301076,1909f56bfc062723c751e8b465ee728b)
Start importing Assets/ExampleAssets/Models/small_plane.fbx using Guid(aeaee610429f51f44981e141eb2a3545) Importer(815301076,1909f56bfc062723c751e8b465ee728b)  -> (artifact id: 'f21ffefb080f2bc5460e0e031b036c2e') in 0.028095 seconds
  Import took 0.033704 seconds .

========================================================================
Received Prepare
Trying to reload asset but can't find object on disk

Trying to reload asset but can't find object on disk

Trying to reload asset but can't find object on disk

Trying to reload asset but can't find object on disk

Trying to reload asset but can't find object on disk

Trying to reload asset but can't find object on disk

Trying to reload asset but can't find object on disk

Trying to reload asset but can't find object on disk

Trying to reload asset but can't find object on disk

Trying to reload asset but can't find object on disk

Trying to reload asset but can't find object on disk

Trying to reload asset but can't find object on disk

Trying to reload asset but can't find object on disk

Trying to reload asset but can't find object on disk

Trying to reload asset but can't find object on disk

Trying to reload asset but can't find object on disk

Trying to reload asset but can't find object on disk

Trying to reload asset but can't find object on disk

Registering precompiled user dll's ...
Registered in 0.000671 seconds.
Begin MonoManager ReloadAssembly
Native extension for WindowsStandalone target not found
Refreshing native plugins compatible for Editor in 26.82 ms, found 0 plugins.
Preloading 0 native plugins for Editor in 0.00 ms.
Mono: successfully reloaded assembly
- Completed reload, in  1.145 seconds
Platform modules already initialized, skipping
Switching build target platform(5) subTarget(0) extendedPlatform(0) -> platform(13) subTarget(524288) extendedPlatform(0)
Switching render pipeline 19ba41d7c0026c3459d37c2fe90c55a0 -> 00000000000000000000000000000000
Refreshing native plugins compatible for Editor in 0.22 ms, found 0 plugins.
Preloading 0 native plugins for Editor in 0.00 ms.
Unloading 1114 Unused Serialized files (Serialized files now loaded: 0)
System memory in use before: 105.7 MB.
System memory in use after: 104.7 MB.

Unloading 852 unused Assets to reduce memory usage. Loaded Objects now: 2913.
Total: 3.879000 ms (FindLiveObjects: 0.306000 ms CreateObjectMapping: 0.115300 ms MarkObjects: 1.907800 ms  DeleteObjects: 1.548900 ms)

AssetImportParameters requested are different than current active one (requested -> active):
  custom:graphics/normal-map-encoding: 01000000000000000000000000000000 -> 02000000000000000000000000000000
AssetImportWorkerClient::OnTransportError - code=2 error=End of file
